  transaction.cpp
c:\users\joe ma\documents\joe\dev\github\c-plus-plus-code-sample-02\cs343program4andrey\cs343program4andrey\transaction.cpp(17): error C2061: syntax error: identifier 'Inventory'
c:\users\joe ma\documents\joe\dev\github\c-plus-plus-code-sample-02\cs343program4andrey\cs343program4andrey\transaction.cpp(19): error C2061: syntax error: identifier 'History'
c:\users\joe ma\documents\joe\dev\github\c-plus-plus-code-sample-02\cs343program4andrey\cs343program4andrey\transaction.cpp(21): error C2061: syntax error: identifier 'Borrow'
c:\users\joe ma\documents\joe\dev\github\c-plus-plus-code-sample-02\cs343program4andrey\cs343program4andrey\transaction.cpp(23): error C2061: syntax error: identifier 'Return'
  moviestore.cpp
  main.cpp
c:\users\joe ma\documents\joe\dev\github\c-plus-plus-code-sample-02\cs343program4andrey\cs343program4andrey\transaction.h(9): error C2011: 'Transaction': 'class' type redefinition
  c:\users\joe ma\documents\joe\dev\github\c-plus-plus-code-sample-02\cs343program4andrey\cs343program4andrey\transaction.h(9): note: see declaration of 'Transaction'
c:\users\joe ma\documents\joe\dev\github\c-plus-plus-code-sample-02\cs343program4andrey\cs343program4andrey\borrow.h(6): error C2504: 'Transaction': base class undefined
c:\users\joe ma\documents\joe\dev\github\c-plus-plus-code-sample-02\cs343program4andrey\cs343program4andrey\main.cpp(96): error C2027: use of undefined type 'Transaction'
  c:\users\joe ma\documents\joe\dev\github\c-plus-plus-code-sample-02\cs343program4andrey\cs343program4andrey\transaction.h(9): note: see declaration of 'Transaction'
c:\users\joe ma\documents\joe\dev\github\c-plus-plus-code-sample-02\cs343program4andrey\cs343program4andrey\main.cpp(96): error C2227: left of '->genTrans' must point to class/struct/union/generic type
c:\users\joe ma\documents\joe\dev\github\c-plus-plus-code-sample-02\cs343program4andrey\cs343program4andrey\main.cpp(96): error C2227: left of '->execute' must point to class/struct/union/generic type
  customer.cpp
  Generating Code...
c:\users\joe ma\documents\joe\dev\github\c-plus-plus-code-sample-02\cs343program4andrey\cs343program4andrey\customer.cpp(33): error C4700: uninitialized local variable 'newNode' used
c:\users\joe ma\documents\joe\dev\github\c-plus-plus-code-sample-02\cs343program4andrey\cs343program4andrey\moviestore.cpp(424): error C4700: uninitialized local variable 'movieMonth' used
c:\users\joe ma\documents\joe\dev\github\c-plus-plus-code-sample-02\cs343program4andrey\cs343program4andrey\moviestore.cpp(471): error C4700: uninitialized local variable 'movieYear' used
c:\users\joe ma\documents\joe\dev\github\c-plus-plus-code-sample-02\cs343program4andrey\cs343program4andrey\moviestore.cpp(626): error C4700: uninitialized local variable 'movieMonth' used
c:\users\joe ma\documents\joe\dev\github\c-plus-plus-code-sample-02\cs343program4andrey\cs343program4andrey\moviestore.cpp(668): error C4700: uninitialized local variable 'movieYear' used
